2012/08/07 23:33:05 [error] [php] Undefined index: images (E:\xampp\htdocs\Dropbox\newnolkm\banyu\protected\modules\shop\controllers\OrderController.php:185)
Stack trace:
#0 E:\xampp\htdocs\Dropbox\newnolkm\framework\web\actions\CInlineAction.php(48): CInlineAction->runWithParamsInternal()
#1 E:\xampp\htdocs\Dropbox\newnolkm\framework\web\CController.php(309): CInlineAction->runWithParams()
#2 E:\xampp\htdocs\Dropbox\newnolkm\framework\web\filters\CFilterChain.php(134): OrderController->runAction()
#3 E:\xampp\htdocs\Dropbox\newnolkm\framework\web\filters\CFilter.php(41): CFilterChain->run()
#4 E:\xampp\htdocs\Dropbox\newnolkm\framework\web\CController.php(1146): CAccessControlFilter->filter()
#5 E:\xampp\htdocs\Dropbox\newnolkm\framework\web\filters\CInlineFilter.php(59): OrderController->filterAccessControl()
#6 E:\xampp\htdocs\Dropbox\newnolkm\framework\web\filters\CFilterChain.php(131): CInlineFilter->filter()
#7 E:\xampp\htdocs\Dropbox\newnolkm\framework\web\CController.php(292): CFilterChain->run()
#8 E:\xampp\htdocs\Dropbox\newnolkm\framework\web\CController.php(266): OrderController->runActionWithFilters()
#9 E:\xampp\htdocs\Dropbox\newnolkm\framework\web\CWebApplication.php(276): OrderController->run()
#10 E:\xampp\htdocs\Dropbox\newnolkm\framework\web\CWebApplication.php(135): CWebApplication->runController()
#11 E:\xampp\htdocs\Dropbox\newnolkm\framework\base\CApplication.php(162): CWebApplication->processRequest()
#12 E:\xampp\htdocs\Dropbox\newnolkm\banyu\index.php(11): CWebApplication->run()
REQUEST_URI=/dropbox/newnolkm/banyu/shop/order/buyer/sid/images/favicon.ico
2012/08/07 23:34:06 [error] [php] Undefined index: images (E:\xampp\htdocs\Dropbox\newnolkm\banyu\protected\modules\shop\controllers\OrderController.php:185)
Stack trace:
#0 E:\xampp\htdocs\Dropbox\newnolkm\framework\web\actions\CInlineAction.php(48): CInlineAction->runWithParamsInternal()
#1 E:\xampp\htdocs\Dropbox\newnolkm\framework\web\CController.php(309): CInlineAction->runWithParams()
#2 E:\xampp\htdocs\Dropbox\newnolkm\framework\web\filters\CFilterChain.php(134): OrderController->runAction()
#3 E:\xampp\htdocs\Dropbox\newnolkm\framework\web\filters\CFilter.php(41): CFilterChain->run()
#4 E:\xampp\htdocs\Dropbox\newnolkm\framework\web\CController.php(1146): CAccessControlFilter->filter()
#5 E:\xampp\htdocs\Dropbox\newnolkm\framework\web\filters\CInlineFilter.php(59): OrderController->filterAccessControl()
#6 E:\xampp\htdocs\Dropbox\newnolkm\framework\web\filters\CFilterChain.php(131): CInlineFilter->filter()
#7 E:\xampp\htdocs\Dropbox\newnolkm\framework\web\CController.php(292): CFilterChain->run()
#8 E:\xampp\htdocs\Dropbox\newnolkm\framework\web\CController.php(266): OrderController->runActionWithFilters()
#9 E:\xampp\htdocs\Dropbox\newnolkm\framework\web\CWebApplication.php(276): OrderController->run()
#10 E:\xampp\htdocs\Dropbox\newnolkm\framework\web\CWebApplication.php(135): CWebApplication->runController()
#11 E:\xampp\htdocs\Dropbox\newnolkm\framework\base\CApplication.php(162): CWebApplication->processRequest()
#12 E:\xampp\htdocs\Dropbox\newnolkm\banyu\index.php(11): CWebApplication->run()
REQUEST_URI=/dropbox/newnolkm/banyu/shop/order/buyer/sid/images/favicon.ico
2012/08/07 23:35:20 [error] [php] Undefined index: images (E:\xampp\htdocs\Dropbox\newnolkm\banyu\protected\modules\shop\controllers\OrderController.php:185)
Stack trace:
#0 E:\xampp\htdocs\Dropbox\newnolkm\framework\web\actions\CInlineAction.php(48): CInlineAction->runWithParamsInternal()
#1 E:\xampp\htdocs\Dropbox\newnolkm\framework\web\CController.php(309): CInlineAction->runWithParams()
#2 E:\xampp\htdocs\Dropbox\newnolkm\framework\web\filters\CFilterChain.php(134): OrderController->runAction()
#3 E:\xampp\htdocs\Dropbox\newnolkm\framework\web\filters\CFilter.php(41): CFilterChain->run()
#4 E:\xampp\htdocs\Dropbox\newnolkm\framework\web\CController.php(1146): CAccessControlFilter->filter()
#5 E:\xampp\htdocs\Dropbox\newnolkm\framework\web\filters\CInlineFilter.php(59): OrderController->filterAccessControl()
#6 E:\xampp\htdocs\Dropbox\newnolkm\framework\web\filters\CFilterChain.php(131): CInlineFilter->filter()
#7 E:\xampp\htdocs\Dropbox\newnolkm\framework\web\CController.php(292): CFilterChain->run()
#8 E:\xampp\htdocs\Dropbox\newnolkm\framework\web\CController.php(266): OrderController->runActionWithFilters()
#9 E:\xampp\htdocs\Dropbox\newnolkm\framework\web\CWebApplication.php(276): OrderController->run()
#10 E:\xampp\htdocs\Dropbox\newnolkm\framework\web\CWebApplication.php(135): CWebApplication->runController()
#11 E:\xampp\htdocs\Dropbox\newnolkm\framework\base\CApplication.php(162): CWebApplication->processRequest()
#12 E:\xampp\htdocs\Dropbox\newnolkm\banyu\index.php(11): CWebApplication->run()
REQUEST_URI=/dropbox/newnolkm/banyu/shop/order/buyer/sid/images/favicon.ico
2012/08/12 20:36:18 [error] [exception.CHttpException.404] exception 'CHttpException' with message 'The system is unable to find the requested action "images".' in E:\xampp\htdocs\Dropbox\newnolkm\framework\web\CController.php:484
Stack trace:
#0 E:\xampp\htdocs\Dropbox\newnolkm\framework\web\CController.php(271): CController->missingAction('images')
#1 E:\xampp\htdocs\Dropbox\newnolkm\framework\web\CWebApplication.php(276): CController->run('images')
#2 E:\xampp\htdocs\Dropbox\newnolkm\framework\web\CWebApplication.php(135): CWebApplication->runController('shop/shoppingCa...')
#3 E:\xampp\htdocs\Dropbox\newnolkm\framework\base\CApplication.php(162): CWebApplication->processRequest()
#4 E:\xampp\htdocs\Dropbox\newnolkm\banyu\index.php(11): CApplication->run()
#5 {main}
REQUEST_URI=/dropbox/newnolkm/banyu/shop/shoppingCart/images/favicon.ico
---
2012/08/12 20:36:19 [error] [exception.CHttpException.404] exception 'CHttpException' with message 'The system is unable to find the requested action "images".' in E:\xampp\htdocs\Dropbox\newnolkm\framework\web\CController.php:484
Stack trace:
#0 E:\xampp\htdocs\Dropbox\newnolkm\framework\web\CController.php(271): CController->missingAction('images')
#1 E:\xampp\htdocs\Dropbox\newnolkm\framework\web\CWebApplication.php(276): CController->run('images')
#2 E:\xampp\htdocs\Dropbox\newnolkm\framework\web\CWebApplication.php(135): CWebApplication->runController('shop/shoppingCa...')
#3 E:\xampp\htdocs\Dropbox\newnolkm\framework\base\CApplication.php(162): CWebApplication->processRequest()
#4 E:\xampp\htdocs\Dropbox\newnolkm\banyu\index.php(11): CApplication->run()
#5 {main}
REQUEST_URI=/dropbox/newnolkm/banyu/shop/shoppingCart/images/favicon.ico
---
2012/08/12 20:40:27 [error] [exception.CHttpException.404] exception 'CHttpException' with message 'Unable to resolve the request "images/favicon.ico".' in E:\xampp\htdocs\Dropbox\newnolkm\framework\web\CWebApplication.php:280
Stack trace:
#0 E:\xampp\htdocs\Dropbox\newnolkm\framework\web\CWebApplication.php(135): CWebApplication->runController('images/favicon....')
#1 E:\xampp\htdocs\Dropbox\newnolkm\framework\base\CApplication.php(162): CWebApplication->processRequest()
#2 E:\xampp\htdocs\Dropbox\newnolkm\banyu\index.php(11): CApplication->run()
#3 {main}
REQUEST_URI=/dropbox/newnolkm/banyu/images/favicon.ico
---
2012/08/12 20:40:28 [error] [exception.CHttpException.404] exception 'CHttpException' with message 'Unable to resolve the request "images/favicon.ico".' in E:\xampp\htdocs\Dropbox\newnolkm\framework\web\CWebApplication.php:280
Stack trace:
#0 E:\xampp\htdocs\Dropbox\newnolkm\framework\web\CWebApplication.php(135): CWebApplication->runController('images/favicon....')
#1 E:\xampp\htdocs\Dropbox\newnolkm\framework\base\CApplication.php(162): CWebApplication->processRequest()
#2 E:\xampp\htdocs\Dropbox\newnolkm\banyu\index.php(11): CApplication->run()
#3 {main}
REQUEST_URI=/dropbox/newnolkm/banyu/images/favicon.ico
---
2012/08/12 20:48:38 [error] [exception.CHttpException.404] exception 'CHttpException' with message 'The requested page does not exist.' in E:\xampp\htdocs\Dropbox\newnolkm\banyu\protected\modules\shop\controllers\ProductsController.php:176
Stack trace:
#0 E:\xampp\htdocs\Dropbox\newnolkm\banyu\protected\modules\shop\controllers\ProductsController.php(39): ProductsController->loadModel()
#1 E:\xampp\htdocs\Dropbox\newnolkm\framework\web\actions\CInlineAction.php(50): ProductsController->actionView()
#2 E:\xampp\htdocs\Dropbox\newnolkm\framework\web\CController.php(309): CInlineAction->runWithParams(Array)
#3 E:\xampp\htdocs\Dropbox\newnolkm\framework\web\filters\CFilterChain.php(134): CController->runAction(Object(CInlineAction))
#4 E:\xampp\htdocs\Dropbox\newnolkm\framework\web\filters\CFilter.php(41): CFilterChain->run()
#5 E:\xampp\htdocs\Dropbox\newnolkm\framework\web\CController.php(1146): CFilter->filter(Object(CFilterChain))
#6 E:\xampp\htdocs\Dropbox\newnolkm\framework\web\filters\CInlineFilter.php(59): CController->filterAccessControl(Object(CFilterChain))
#7 E:\xampp\htdocs\Dropbox\newnolkm\framework\web\filters\CFilterChain.php(131): CInlineFilter->filter(Object(CFilterChain))
#8 E:\xampp\htdocs\Dropbox\newnolkm\framework\web\CController.php(292): CFilterChain->run()
#9 E:\xampp\htdocs\Dropbox\newnolkm\framework\web\CController.php(266): CController->runActionWithFilters(Object(CInlineAction), Array)
#10 E:\xampp\htdocs\Dropbox\newnolkm\framework\web\CWebApplication.php(276): CController->run('view')
#11 E:\xampp\htdocs\Dropbox\newnolkm\framework\web\CWebApplication.php(135): CWebApplication->runController('shop/products/v...')
#12 E:\xampp\htdocs\Dropbox\newnolkm\framework\base\CApplication.php(162): CWebApplication->processRequest()
#13 E:\xampp\htdocs\Dropbox\newnolkm\banyu\index.php(11): CApplication->run()
#14 {main}
REQUEST_URI=/dropbox/newnolkm/banyu/shop/products/view/id/images/favicon.ico
---
2012/08/12 20:48:38 [error] [exception.CHttpException.404] exception 'CHttpException' with message 'The requested page does not exist.' in E:\xampp\htdocs\Dropbox\newnolkm\banyu\protected\modules\shop\controllers\ProductsController.php:176
Stack trace:
#0 E:\xampp\htdocs\Dropbox\newnolkm\banyu\protected\modules\shop\controllers\ProductsController.php(39): ProductsController->loadModel()
#1 E:\xampp\htdocs\Dropbox\newnolkm\framework\web\actions\CInlineAction.php(50): ProductsController->actionView()
#2 E:\xampp\htdocs\Dropbox\newnolkm\framework\web\CController.php(309): CInlineAction->runWithParams(Array)
#3 E:\xampp\htdocs\Dropbox\newnolkm\framework\web\filters\CFilterChain.php(134): CController->runAction(Object(CInlineAction))
#4 E:\xampp\htdocs\Dropbox\newnolkm\framework\web\filters\CFilter.php(41): CFilterChain->run()
#5 E:\xampp\htdocs\Dropbox\newnolkm\framework\web\CController.php(1146): CFilter->filter(Object(CFilterChain))
#6 E:\xampp\htdocs\Dropbox\newnolkm\framework\web\filters\CInlineFilter.php(59): CController->filterAccessControl(Object(CFilterChain))
#7 E:\xampp\htdocs\Dropbox\newnolkm\framework\web\filters\CFilterChain.php(131): CInlineFilter->filter(Object(CFilterChain))
#8 E:\xampp\htdocs\Dropbox\newnolkm\framework\web\CController.php(292): CFilterChain->run()
#9 E:\xampp\htdocs\Dropbox\newnolkm\framework\web\CController.php(266): CController->runActionWithFilters(Object(CInlineAction), Array)
#10 E:\xampp\htdocs\Dropbox\newnolkm\framework\web\CWebApplication.php(276): CController->run('view')
#11 E:\xampp\htdocs\Dropbox\newnolkm\framework\web\CWebApplication.php(135): CWebApplication->runController('shop/products/v...')
#12 E:\xampp\htdocs\Dropbox\newnolkm\framework\base\CApplication.php(162): CWebApplication->processRequest()
#13 E:\xampp\htdocs\Dropbox\newnolkm\banyu\index.php(11): CApplication->run()
#14 {main}
REQUEST_URI=/dropbox/newnolkm/banyu/shop/products/view/id/images/favicon.ico
---
2012/08/12 20:48:40 [error] [exception.CHttpException.404] exception 'CHttpException' with message 'The system is unable to find the requested action "images".' in E:\xampp\htdocs\Dropbox\newnolkm\framework\web\CController.php:484
Stack trace:
#0 E:\xampp\htdocs\Dropbox\newnolkm\framework\web\CController.php(271): CController->missingAction('images')
#1 E:\xampp\htdocs\Dropbox\newnolkm\framework\web\CWebApplication.php(276): CController->run('images')
#2 E:\xampp\htdocs\Dropbox\newnolkm\framework\web\CWebApplication.php(135): CWebApplication->runController('shop/products/i...')
#3 E:\xampp\htdocs\Dropbox\newnolkm\framework\base\CApplication.php(162): CWebApplication->processRequest()
#4 E:\xampp\htdocs\Dropbox\newnolkm\banyu\index.php(11): CApplication->run()
#5 {main}
REQUEST_URI=/dropbox/newnolkm/banyu/shop/products/images/favicon.ico
---
2012/08/12 20:48:40 [error] [exception.CHttpException.404] exception 'CHttpException' with message 'The system is unable to find the requested action "images".' in E:\xampp\htdocs\Dropbox\newnolkm\framework\web\CController.php:484
Stack trace:
#0 E:\xampp\htdocs\Dropbox\newnolkm\framework\web\CController.php(271): CController->missingAction('images')
#1 E:\xampp\htdocs\Dropbox\newnolkm\framework\web\CWebApplication.php(276): CController->run('images')
#2 E:\xampp\htdocs\Dropbox\newnolkm\framework\web\CWebApplication.php(135): CWebApplication->runController('shop/products/i...')
#3 E:\xampp\htdocs\Dropbox\newnolkm\framework\base\CApplication.php(162): CWebApplication->processRequest()
#4 E:\xampp\htdocs\Dropbox\newnolkm\banyu\index.php(11): CApplication->run()
#5 {main}
REQUEST_URI=/dropbox/newnolkm/banyu/shop/products/images/favicon.ico
---
2012/08/12 20:48:47 [error] [exception.CHttpException.404] exception 'CHttpException' with message 'The system is unable to find the requested action "images".' in E:\xampp\htdocs\Dropbox\newnolkm\framework\web\CController.php:484
Stack trace:
#0 E:\xampp\htdocs\Dropbox\newnolkm\framework\web\CController.php(271): CController->missingAction('images')
#1 E:\xampp\htdocs\Dropbox\newnolkm\framework\web\CWebApplication.php(276): CController->run('images')
#2 E:\xampp\htdocs\Dropbox\newnolkm\framework\web\CWebApplication.php(135): CWebApplication->runController('site/images/fav...')
#3 E:\xampp\htdocs\Dropbox\newnolkm\framework\base\CApplication.php(162): CWebApplication->processRequest()
#4 E:\xampp\htdocs\Dropbox\newnolkm\banyu\index.php(11): CApplication->run()
#5 {main}
REQUEST_URI=/dropbox/newnolkm/banyu/site/images/favicon.ico
---
2012/08/12 20:48:47 [error] [exception.CHttpException.404] exception 'CHttpException' with message 'The system is unable to find the requested action "images".' in E:\xampp\htdocs\Dropbox\newnolkm\framework\web\CController.php:484
Stack trace:
#0 E:\xampp\htdocs\Dropbox\newnolkm\framework\web\CController.php(271): CController->missingAction('images')
#1 E:\xampp\htdocs\Dropbox\newnolkm\framework\web\CWebApplication.php(276): CController->run('images')
#2 E:\xampp\htdocs\Dropbox\newnolkm\framework\web\CWebApplication.php(135): CWebApplication->runController('site/images/fav...')
#3 E:\xampp\htdocs\Dropbox\newnolkm\framework\base\CApplication.php(162): CWebApplication->processRequest()
#4 E:\xampp\htdocs\Dropbox\newnolkm\banyu\index.php(11): CApplication->run()
#5 {main}
REQUEST_URI=/dropbox/newnolkm/banyu/site/images/favicon.ico
---
2012/08/12 20:48:52 [error] [php] Undefined index: images (E:\xampp\htdocs\Dropbox\newnolkm\banyu\protected\modules\shop\controllers\OrderController.php:185)
Stack trace:
#0 E:\xampp\htdocs\Dropbox\newnolkm\framework\web\actions\CInlineAction.php(48): CInlineAction->runWithParamsInternal()
#1 E:\xampp\htdocs\Dropbox\newnolkm\framework\web\CController.php(309): CInlineAction->runWithParams()
#2 E:\xampp\htdocs\Dropbox\newnolkm\framework\web\filters\CFilterChain.php(134): OrderController->runAction()
#3 E:\xampp\htdocs\Dropbox\newnolkm\framework\web\filters\CFilter.php(41): CFilterChain->run()
#4 E:\xampp\htdocs\Dropbox\newnolkm\framework\web\CController.php(1146): CAccessControlFilter->filter()
#5 E:\xampp\htdocs\Dropbox\newnolkm\framework\web\filters\CInlineFilter.php(59): OrderController->filterAccessControl()
#6 E:\xampp\htdocs\Dropbox\newnolkm\framework\web\filters\CFilterChain.php(131): CInlineFilter->filter()
#7 E:\xampp\htdocs\Dropbox\newnolkm\framework\web\CController.php(292): CFilterChain->run()
#8 E:\xampp\htdocs\Dropbox\newnolkm\framework\web\CController.php(266): OrderController->runActionWithFilters()
#9 E:\xampp\htdocs\Dropbox\newnolkm\framework\web\CWebApplication.php(276): OrderController->run()
#10 E:\xampp\htdocs\Dropbox\newnolkm\framework\web\CWebApplication.php(135): CWebApplication->runController()
#11 E:\xampp\htdocs\Dropbox\newnolkm\framework\base\CApplication.php(162): CWebApplication->processRequest()
#12 E:\xampp\htdocs\Dropbox\newnolkm\banyu\index.php(11): CWebApplication->run()
REQUEST_URI=/dropbox/newnolkm/banyu/shop/order/buyer/sid/images/favicon.ico
2012/08/12 20:48:52 [error] [php] Undefined index: images (E:\xampp\htdocs\Dropbox\newnolkm\banyu\protected\modules\shop\controllers\OrderController.php:185)
Stack trace:
#0 E:\xampp\htdocs\Dropbox\newnolkm\framework\web\actions\CInlineAction.php(48): CInlineAction->runWithParamsInternal()
#1 E:\xampp\htdocs\Dropbox\newnolkm\framework\web\CController.php(309): CInlineAction->runWithParams()
#2 E:\xampp\htdocs\Dropbox\newnolkm\framework\web\filters\CFilterChain.php(134): OrderController->runAction()
#3 E:\xampp\htdocs\Dropbox\newnolkm\framework\web\filters\CFilter.php(41): CFilterChain->run()
#4 E:\xampp\htdocs\Dropbox\newnolkm\framework\web\CController.php(1146): CAccessControlFilter->filter()
#5 E:\xampp\htdocs\Dropbox\newnolkm\framework\web\filters\CInlineFilter.php(59): OrderController->filterAccessControl()
#6 E:\xampp\htdocs\Dropbox\newnolkm\framework\web\filters\CFilterChain.php(131): CInlineFilter->filter()
#7 E:\xampp\htdocs\Dropbox\newnolkm\framework\web\CController.php(292): CFilterChain->run()
#8 E:\xampp\htdocs\Dropbox\newnolkm\framework\web\CController.php(266): OrderController->runActionWithFilters()
#9 E:\xampp\htdocs\Dropbox\newnolkm\framework\web\CWebApplication.php(276): OrderController->run()
#10 E:\xampp\htdocs\Dropbox\newnolkm\framework\web\CWebApplication.php(135): CWebApplication->runController()
#11 E:\xampp\htdocs\Dropbox\newnolkm\framework\base\CApplication.php(162): CWebApplication->processRequest()
#12 E:\xampp\htdocs\Dropbox\newnolkm\banyu\index.php(11): CWebApplication->run()
REQUEST_URI=/dropbox/newnolkm/banyu/shop/order/buyer/sid/images/favicon.ico
2012/08/29 04:11:48 [error] [exception.CHttpException.404] exception 'CHttpException' with message 'The system is unable to find the requested action "images".' in E:\xampp\htdocs\Dropbox\newnolkm\framework\web\CController.php:484
Stack trace:
#0 E:\xampp\htdocs\Dropbox\newnolkm\framework\web\CController.php(271): CController->missingAction('images')
#1 E:\xampp\htdocs\Dropbox\newnolkm\framework\web\CWebApplication.php(276): CController->run('images')
#2 E:\xampp\htdocs\Dropbox\newnolkm\framework\web\CWebApplication.php(135): CWebApplication->runController('site/images/fav...')
#3 E:\xampp\htdocs\Dropbox\newnolkm\framework\base\CApplication.php(162): CWebApplication->processRequest()
#4 E:\xampp\htdocs\Dropbox\newnolkm\banyu\index.php(11): CApplication->run()
#5 {main}
REQUEST_URI=/dropbox/newnolkm/banyu/site/images/favicon.ico
---
2012/08/29 04:11:54 [error] [exception.CHttpException.404] exception 'CHttpException' with message 'The system is unable to find the requested action "images".' in E:\xampp\htdocs\Dropbox\newnolkm\framework\web\CController.php:484
Stack trace:
#0 E:\xampp\htdocs\Dropbox\newnolkm\framework\web\CController.php(271): CController->missingAction('images')
#1 E:\xampp\htdocs\Dropbox\newnolkm\framework\web\CWebApplication.php(276): CController->run('images')
#2 E:\xampp\htdocs\Dropbox\newnolkm\framework\web\CWebApplication.php(135): CWebApplication->runController('site/images/fav...')
#3 E:\xampp\htdocs\Dropbox\newnolkm\framework\base\CApplication.php(162): CWebApplication->processRequest()
#4 E:\xampp\htdocs\Dropbox\newnolkm\banyu\index.php(11): CApplication->run()
#5 {main}
REQUEST_URI=/dropbox/newnolkm/banyu/site/images/favicon.ico
---
2012/08/29 04:12:11 [error] [exception.CHttpException.404] exception 'CHttpException' with message 'The system is unable to find the requested action "images".' in E:\xampp\htdocs\Dropbox\newnolkm\framework\web\CController.php:484
Stack trace:
#0 E:\xampp\htdocs\Dropbox\newnolkm\framework\web\CController.php(271): CController->missingAction('images')
#1 E:\xampp\htdocs\Dropbox\newnolkm\framework\web\CWebApplication.php(276): CController->run('images')
#2 E:\xampp\htdocs\Dropbox\newnolkm\framework\web\CWebApplication.php(135): CWebApplication->runController('site/images/fav...')
#3 E:\xampp\htdocs\Dropbox\newnolkm\framework\base\CApplication.php(162): CWebApplication->processRequest()
#4 E:\xampp\htdocs\Dropbox\newnolkm\banyu\index.php(11): CApplication->run()
#5 {main}
REQUEST_URI=/dropbox/newnolkm/banyu/site/images/favicon.ico
---
2012/08/29 04:12:17 [error] [exception.CHttpException.404] exception 'CHttpException' with message 'Unable to resolve the request "example.appcache".' in E:\xampp\htdocs\Dropbox\newnolkm\framework\web\CWebApplication.php:280
Stack trace:
#0 E:\xampp\htdocs\Dropbox\newnolkm\framework\web\CWebApplication.php(135): CWebApplication->runController('example.appcach...')
#1 E:\xampp\htdocs\Dropbox\newnolkm\framework\base\CApplication.php(162): CWebApplication->processRequest()
#2 E:\xampp\htdocs\Dropbox\newnolkm\banyu\index.php(11): CApplication->run()
#3 {main}
REQUEST_URI=/dropbox/newnolkm/banyu/example.appcache
---
2012/08/29 04:12:18 [error] [exception.CHttpException.404] exception 'CHttpException' with message 'Unable to resolve the request "images/favicon.ico".' in E:\xampp\htdocs\Dropbox\newnolkm\framework\web\CWebApplication.php:280
Stack trace:
#0 E:\xampp\htdocs\Dropbox\newnolkm\framework\web\CWebApplication.php(135): CWebApplication->runController('images/favicon....')
#1 E:\xampp\htdocs\Dropbox\newnolkm\framework\base\CApplication.php(162): CWebApplication->processRequest()
#2 E:\xampp\htdocs\Dropbox\newnolkm\banyu\index.php(11): CApplication->run()
#3 {main}
REQUEST_URI=/dropbox/newnolkm/banyu/images/favicon.ico
---
2012/08/29 04:12:43 [error] [exception.CHttpException.404] exception 'CHttpException' with message 'Unable to resolve the request "example.appcache".' in E:\xampp\htdocs\Dropbox\newnolkm\framework\web\CWebApplication.php:280
Stack trace:
#0 E:\xampp\htdocs\Dropbox\newnolkm\framework\web\CWebApplication.php(135): CWebApplication->runController('example.appcach...')
#1 E:\xampp\htdocs\Dropbox\newnolkm\framework\base\CApplication.php(162): CWebApplication->processRequest()
#2 E:\xampp\htdocs\Dropbox\newnolkm\banyu\index.php(11): CApplication->run()
#3 {main}
REQUEST_URI=/dropbox/newnolkm/banyu/example.appcache
---
2012/08/29 04:12:43 [error] [exception.CHttpException.404] exception 'CHttpException' with message 'Unable to resolve the request "example.appcache".' in E:\xampp\htdocs\Dropbox\newnolkm\framework\web\CWebApplication.php:280
Stack trace:
#0 E:\xampp\htdocs\Dropbox\newnolkm\framework\web\CWebApplication.php(135): CWebApplication->runController('example.appcach...')
#1 E:\xampp\htdocs\Dropbox\newnolkm\framework\base\CApplication.php(162): CWebApplication->processRequest()
#2 E:\xampp\htdocs\Dropbox\newnolkm\banyu\index.php(11): CApplication->run()
#3 {main}
REQUEST_URI=/dropbox/newnolkm/banyu/example.appcache
---
2012/08/29 04:12:43 [error] [exception.CHttpException.404] exception 'CHttpException' with message 'Unable to resolve the request "images/favicon.ico".' in E:\xampp\htdocs\Dropbox\newnolkm\framework\web\CWebApplication.php:280
Stack trace:
#0 E:\xampp\htdocs\Dropbox\newnolkm\framework\web\CWebApplication.php(135): CWebApplication->runController('images/favicon....')
#1 E:\xampp\htdocs\Dropbox\newnolkm\framework\base\CApplication.php(162): CWebApplication->processRequest()
#2 E:\xampp\htdocs\Dropbox\newnolkm\banyu\index.php(11): CApplication->run()
#3 {main}
REQUEST_URI=/dropbox/newnolkm/banyu/images/favicon.ico
---
2012/08/29 04:12:44 [error] [exception.CHttpException.404] exception 'CHttpException' with message 'Unable to resolve the request "images/favicon.ico".' in E:\xampp\htdocs\Dropbox\newnolkm\framework\web\CWebApplication.php:280
Stack trace:
#0 E:\xampp\htdocs\Dropbox\newnolkm\framework\web\CWebApplication.php(135): CWebApplication->runController('images/favicon....')
#1 E:\xampp\htdocs\Dropbox\newnolkm\framework\base\CApplication.php(162): CWebApplication->processRequest()
#2 E:\xampp\htdocs\Dropbox\newnolkm\banyu\index.php(11): CApplication->run()
#3 {main}
REQUEST_URI=/dropbox/newnolkm/banyu/images/favicon.ico
---
2012/08/29 04:12:46 [error] [exception.CHttpException.404] exception 'CHttpException' with message 'The system is unable to find the requested action "images".' in E:\xampp\htdocs\Dropbox\newnolkm\framework\web\CController.php:484
Stack trace:
#0 E:\xampp\htdocs\Dropbox\newnolkm\framework\web\CController.php(271): CController->missingAction('images')
#1 E:\xampp\htdocs\Dropbox\newnolkm\framework\web\CWebApplication.php(276): CController->run('images')
#2 E:\xampp\htdocs\Dropbox\newnolkm\framework\web\CWebApplication.php(135): CWebApplication->runController('site/images/fav...')
#3 E:\xampp\htdocs\Dropbox\newnolkm\framework\base\CApplication.php(162): CWebApplication->processRequest()
#4 E:\xampp\htdocs\Dropbox\newnolkm\banyu\index.php(11): CApplication->run()
#5 {main}
REQUEST_URI=/dropbox/newnolkm/banyu/site/images/favicon.ico
---
2012/08/29 04:12:51 [error] [exception.CHttpException.404] exception 'CHttpException' with message 'Unable to resolve the request "images/favicon.ico".' in E:\xampp\htdocs\Dropbox\newnolkm\framework\web\CWebApplication.php:280
Stack trace:
#0 E:\xampp\htdocs\Dropbox\newnolkm\framework\web\CWebApplication.php(135): CWebApplication->runController('images/favicon....')
#1 E:\xampp\htdocs\Dropbox\newnolkm\framework\base\CApplication.php(162): CWebApplication->processRequest()
#2 E:\xampp\htdocs\Dropbox\newnolkm\banyu\index.php(11): CApplication->run()
#3 {main}
REQUEST_URI=/dropbox/newnolkm/banyu/images/favicon.ico
---
